<?xml version="1.0" encoding="UTF-8"?>
<testsuite xmlns:xsi="http://www.w3.org/2001/XMLSchema-instance" xsi:noNamespaceSchemaLocation="https://maven.apache.org/surefire/maven-surefire-plugin/xsd/surefire-test-report.xsd" name="DealerTest" time="5.932" tests="21" errors="0" skipped="0" failures="0">
  <properties>
    <property name="sun.desktop" value="windows"/>
    <property name="awt.toolkit" value="sun.awt.windows.WToolkit"/>
    <property name="java.specification.version" value="11"/>
    <property name="sun.cpu.isalist" value="amd64"/>
    <property name="sun.jnu.encoding" value="Cp1252"/>
    <property name="java.class.path" value="C:\Users\sahas\OneDrive\Desktop\Baccarat_Project_Fall19\target\test-classes;C:\Users\sahas\OneDrive\Desktop\Baccarat_Project_Fall19\target\classes;C:\Users\sahas\.m2\repository\org\junit\jupiter\junit-jupiter-api\5.4.2\junit-jupiter-api-5.4.2.jar;C:\Users\sahas\.m2\repository\org\apiguardian\apiguardian-api\1.0.0\apiguardian-api-1.0.0.jar;C:\Users\sahas\.m2\repository\org\opentest4j\opentest4j\1.1.1\opentest4j-1.1.1.jar;C:\Users\sahas\.m2\repository\org\junit\platform\junit-platform-commons\1.4.2\junit-platform-commons-1.4.2.jar;C:\Users\sahas\.m2\repository\org\junit\jupiter\junit-jupiter-engine\5.4.2\junit-jupiter-engine-5.4.2.jar;C:\Users\sahas\.m2\repository\org\junit\platform\junit-platform-engine\1.4.2\junit-platform-engine-1.4.2.jar;C:\Users\sahas\.m2\repository\org\openjfx\javafx-controls\12.0.1\javafx-controls-12.0.1.jar;C:\Users\sahas\.m2\repository\org\openjfx\javafx-controls\12.0.1\javafx-controls-12.0.1-win.jar;C:\Users\sahas\.m2\repository\org\openjfx\javafx-graphics\12.0.1\javafx-graphics-12.0.1.jar;C:\Users\sahas\.m2\repository\org\openjfx\javafx-graphics\12.0.1\javafx-graphics-12.0.1-win.jar;C:\Users\sahas\.m2\repository\org\openjfx\javafx-base\12.0.1\javafx-base-12.0.1.jar;C:\Users\sahas\.m2\repository\org\openjfx\javafx-base\12.0.1\javafx-base-12.0.1-win.jar;"/>
    <property name="java.vm.vendor" value="Oracle Corporation"/>
    <property name="sun.arch.data.model" value="64"/>
    <property name="user.variant" value=""/>
    <property name="java.vendor.url" value="http://java.oracle.com/"/>
    <property name="user.timezone" value="America/Chicago"/>
    <property name="java.vm.specification.version" value="11"/>
    <property name="os.name" value="Windows 10"/>
    <property name="sun.java.launcher" value="SUN_STANDARD"/>
    <property name="user.country" value="US"/>
    <property name="sun.boot.library.path" value="C:\Program Files\Java\jdk-11.0.2\bin"/>
    <property name="sun.java.command" value="C:\Users\sahas\AppData\Local\Temp\surefire4078470803628475669\surefirebooter960823490589076998.jar C:\Users\sahas\AppData\Local\Temp\surefire4078470803628475669 2019-10-16T11-18-31_879-jvmRun1 surefire9781351151945102013tmp surefire_02383511279157597107tmp"/>
    <property name="jdk.debug" value="release"/>
    <property name="surefire.test.class.path" value="C:\Users\sahas\OneDrive\Desktop\Baccarat_Project_Fall19\target\test-classes;C:\Users\sahas\OneDrive\Desktop\Baccarat_Project_Fall19\target\classes;C:\Users\sahas\.m2\repository\org\junit\jupiter\junit-jupiter-api\5.4.2\junit-jupiter-api-5.4.2.jar;C:\Users\sahas\.m2\repository\org\apiguardian\apiguardian-api\1.0.0\apiguardian-api-1.0.0.jar;C:\Users\sahas\.m2\repository\org\opentest4j\opentest4j\1.1.1\opentest4j-1.1.1.jar;C:\Users\sahas\.m2\repository\org\junit\platform\junit-platform-commons\1.4.2\junit-platform-commons-1.4.2.jar;C:\Users\sahas\.m2\repository\org\junit\jupiter\junit-jupiter-engine\5.4.2\junit-jupiter-engine-5.4.2.jar;C:\Users\sahas\.m2\repository\org\junit\platform\junit-platform-engine\1.4.2\junit-platform-engine-1.4.2.jar;C:\Users\sahas\.m2\repository\org\openjfx\javafx-controls\12.0.1\javafx-controls-12.0.1.jar;C:\Users\sahas\.m2\repository\org\openjfx\javafx-controls\12.0.1\javafx-controls-12.0.1-win.jar;C:\Users\sahas\.m2\repository\org\openjfx\javafx-graphics\12.0.1\javafx-graphics-12.0.1.jar;C:\Users\sahas\.m2\repository\org\openjfx\javafx-graphics\12.0.1\javafx-graphics-12.0.1-win.jar;C:\Users\sahas\.m2\repository\org\openjfx\javafx-base\12.0.1\javafx-base-12.0.1.jar;C:\Users\sahas\.m2\repository\org\openjfx\javafx-base\12.0.1\javafx-base-12.0.1-win.jar;"/>
    <property name="sun.cpu.endian" value="little"/>
    <property name="user.home" value="C:\Users\sahas"/>
    <property name="user.language" value="en"/>
    <property name="java.specification.vendor" value="Oracle Corporation"/>
    <property name="java.version.date" value="2019-01-15"/>
    <property name="java.home" value="C:\Program Files\Java\jdk-11.0.2"/>
    <property name="file.separator" value="\"/>
    <property name="basedir" value="C:\Users\sahas\OneDrive\Desktop\Baccarat_Project_Fall19"/>
    <property name="java.vm.compressedOopsMode" value="Zero based"/>
    <property name="line.separator" value="&#10;"/>
    <property name="java.specification.name" value="Java Platform API Specification"/>
    <property name="java.vm.specification.vendor" value="Oracle Corporation"/>
    <property name="java.awt.graphicsenv" value="sun.awt.Win32GraphicsEnvironment"/>
    <property name="surefire.real.class.path" value="C:\Users\sahas\AppData\Local\Temp\surefire4078470803628475669\surefirebooter960823490589076998.jar"/>
    <property name="user.script" value=""/>
    <property name="sun.management.compiler" value="HotSpot 64-Bit Tiered Compilers"/>
    <property name="java.runtime.version" value="11.0.2+9-LTS"/>
    <property name="user.name" value="sahas"/>
    <property name="path.separator" value=";"/>
    <property name="os.version" value="10.0"/>
    <property name="java.runtime.name" value="Java(TM) SE Runtime Environment"/>
    <property name="file.encoding" value="Cp1252"/>
    <property name="java.vm.name" value="Java HotSpot(TM) 64-Bit Server VM"/>
    <property name="java.vendor.version" value="18.9"/>
    <property name="localRepository" value="C:\Users\sahas\.m2\repository"/>
    <property name="java.vendor.url.bug" value="http://bugreport.java.com/bugreport/"/>
    <property name="java.io.tmpdir" value="C:\Users\sahas\AppData\Local\Temp\"/>
    <property name="java.version" value="11.0.2"/>
    <property name="user.dir" value="C:\Users\sahas\OneDrive\Desktop\Baccarat_Project_Fall19"/>
    <property name="os.arch" value="amd64"/>
    <property name="java.vm.specification.name" value="Java Virtual Machine Specification"/>
    <property name="java.awt.printerjob" value="sun.awt.windows.WPrinterJob"/>
    <property name="sun.os.patch.level" value=""/>
    <property name="java.library.path" value="C:\Program Files\Java\jdk-11.0.2\bin;C:\WINDOWS\Sun\Java\bin;C:\WINDOWS\system32;C:\WINDOWS;C:\Program Files\Java\jdk-11.0.2\bin;C:\Program Files\NVIDIA Corporation\NVIDIA NvDLISR;C:\cygwin64\bin;C:\cygwin64\usr\bin;C:\MinGW\bin;C:\Program Files\dotnet\;C:\Program Files\Apache Software Foundation\apache-maven-3.6.2\bin;C:\Users\sahas\AppData\Local\Programs\Microsoft VS Code\bin;C:\ProgramData;C:\Program Files\Common Files;C:\Users\sahas\.dotnet\tools;."/>
    <property name="java.vendor" value="Oracle Corporation"/>
    <property name="java.vm.info" value="mixed mode"/>
    <property name="java.vm.version" value="11.0.2+9-LTS"/>
    <property name="sun.io.unicode.encoding" value="UnicodeLittle"/>
    <property name="java.class.version" value="55.0"/>
  </properties>
  <testcase name="evaluatePlayerDraw1" classname="DealerTest" time="0.006"/>
  <testcase name="evaluatePlayerDraw2" classname="DealerTest" time="0"/>
  <testcase name="testdeleteDeck" classname="DealerTest" time="0.692"/>
  <testcase name="testDealHand1" classname="DealerTest" time="0.489"/>
  <testcase name="testDealHand2" classname="DealerTest" time="0.465"/>
  <testcase name="testGenerateDeck1" classname="DealerTest" time="0.475"/>
  <testcase name="testGenerateDeck2" classname="DealerTest" time="0.965"/>
  <testcase name="evaluateBankerDraw1" classname="DealerTest" time="0"/>
  <testcase name="evaluateBankerDraw2" classname="DealerTest" time="0"/>
  <testcase name="testDrawOne1" classname="DealerTest" time="0.473"/>
  <testcase name="testDrawOne2" classname="DealerTest" time="0.463"/>
  <testcase name="testHandTotal2" classname="DealerTest" time="0"/>
  <testcase name="testHandTotal" classname="DealerTest" time="0"/>
  <testcase name="testCardConstr1" classname="DealerTest" time="0"/>
  <testcase name="testCardConstr2" classname="DealerTest" time="0"/>
  <testcase name="testWhoWon1" classname="DealerTest" time="0.481"/>
  <testcase name="testWhoWon2" classname="DealerTest" time="0.001"/>
  <testcase name="testDeckSize1" classname="DealerTest" time="0.477"/>
  <testcase name="testDeckSize2" classname="DealerTest" time="0"/>
  <testcase name="testDealerConstr1" classname="DealerTest" time="0.475"/>
  <testcase name="testDealerConstr2" classname="DealerTest" time="0.458"/>
</testsuite>